# JRE version: OpenJDK Runtime Environment (25.0+36) (build 25+36-3489)
# Java VM: OpenJDK 64-Bit Server VM (25+36-3489, mixed mode, sharing, tiered, compressed oops, compressed class ptrs, g1 gc, windows-amd64)
GC Precious Log:
 CardTable entry size: 512
 Card Set container configuration: InlinePtr #cards 4 size 8 Array Of Cards #cards 16 size 48 Howl #buckets 8 coarsen threshold 3686 Howl Bitmap #cards 512 size 80 coarsen threshold 460 Card regions per heap region 1 cards per card region 4096
 CPUs: 12 total, 12 available
 Memory: 16108M
 Large Page Support: Disabled
 NUMA Support: Disabled
 Compressed Oops: Enabled (Zero based)
 Heap Region Size: 2M
 Heap Min Capacity: 8M
 Heap Initial Capacity: 252M
 Heap Max Capacity: 4028M
 Pre-touch: Disabled
 Parallel Workers: 10
 Concurrent Workers: 3
 Concurrent Refinement Workers: 10
 Periodic GC: Disabled
Heap:
 garbage-first heap   total reserved 4124672K, committed 69632K, used 36185K [0x0000000704400000, 0x0000000800000000)
  region size 2048K, 7 young (14336K), 2 survivors (4096K)
GC Heap Usage History (20 events):
Event: 3.313 {heap Before GC invocations=3 (full 0):
 garbage-first heap   total reserved 4124672K, committed 55296K, used 51914K [0x0000000704400000, 0x0000000800000000)
  region size 2048K, 25 young (51200K), 6 survivors (12288K)
}
Event: 3.325 {heap After GC invocations=4 (full 0):
 garbage-first heap   total reserved 4124672K, committed 69632K, used 16573K [0x0000000704400000, 0x0000000800000000)
  region size 2048K, 4 young (8192K), 4 survivors (8192K)
}
Event: 4.311 {heap Before GC invocations=4 (full 0):
 garbage-first heap   total reserved 4124672K, committed 69632K, used 47293K [0x0000000704400000, 0x0000000800000000)
  region size 2048K, 19 young (38912K), 4 survivors (8192K)
}
Event: 4.323 {heap After GC invocations=5 (full 0):
 garbage-first heap   total reserved 4124672K, committed 69632K, used 20048K [0x0000000704400000, 0x0000000800000000)
  region size 2048K, 2 young (4096K), 2 survivors (4096K)
}
Event: 4.461 {heap Before GC invocations=5 (full 0):
 garbage-first heap   total reserved 4124672K, committed 69632K, used 24144K [0x0000000704400000, 0x0000000800000000)
  region size 2048K, 5 young (10240K), 2 survivors (4096K)
}
Event: 4.465 {heap After GC invocations=6 (full 0):
 garbage-first heap   total reserved 4124672K, committed 69632K, used 20007K [0x0000000704400000, 0x0000000800000000)
  region size 2048K, 2 young (4096K), 2 survivors (4096K)
}
Event: 5.260 {heap Before GC invocations=7 (full 0):
 garbage-first heap   total reserved 4124672K, committed 69632K, used 50727K [0x0000000704400000, 0x0000000800000000)
  region size 2048K, 17 young (34816K), 2 survivors (4096K)
}
Event: 5.268 {heap After GC invocations=8 (full 0):
 garbage-first heap   total reserved 4124672K, committed 69632K, used 22975K [0x0000000704400000, 0x0000000800000000)
  region size 2048K, 2 young (4096K), 2 survivors (4096K)
}
Event: 6.230 {heap Before GC invocations=8 (full 0):
 garbage-first heap   total reserved 4124672K, committed 69632K, used 51647K [0x0000000704400000, 0x0000000800000000)
  region size 2048K, 17 young (34816K), 2 survivors (4096K)
}
Event: 6.236 {heap After GC invocations=9 (full 0):
 garbage-first heap   total reserved 4124672K, committed 69632K, used 24652K [0x0000000704400000, 0x0000000800000000)
  region size 2048K, 3 young (6144K), 3 survivors (6144K)
}
Event: 10.212 {heap Before GC invocations=9 (full 0):
 garbage-first heap   total reserved 4124672K, committed 69632K, used 55372K [0x0000000704400000, 0x0000000800000000)
  region size 2048K, 18 young (36864K), 3 survivors (6144K)
}
Event: 10.220 {heap After GC invocations=10 (full 0):
 garbage-first heap   total reserved 4124672K, committed 69632K, used 26457K [0x0000000704400000, 0x0000000800000000)
  region size 2048K, 2 young (4096K), 2 survivors (4096K)
}
Event: 18.304 {heap Before GC invocations=10 (full 0):
 garbage-first heap   total reserved 4124672K, committed 69632K, used 42841K [0x0000000704400000, 0x0000000800000000)
  region size 2048K, 12 young (24576K), 2 survivors (4096K)
}
Event: 18.315 {heap After GC invocations=11 (full 0):
 garbage-first heap   total reserved 4124672K, committed 69632K, used 27706K [0x0000000704400000, 0x0000000800000000)
  region size 2048K, 2 young (4096K), 2 survivors (4096K)
}
Event: 78.349 {heap Before GC invocations=12 (full 0):
 garbage-first heap   total reserved 4124672K, committed 69632K, used 56378K [0x0000000704400000, 0x0000000800000000)
  region size 2048K, 17 young (34816K), 2 survivors (4096K)
}
Event: 78.362 {heap After GC invocations=13 (full 0):
 garbage-first heap   total reserved 4124672K, committed 69632K, used 28731K [0x0000000704400000, 0x0000000800000000)
  region size 2048K, 2 young (4096K), 2 survivors (4096K)
}
Event: 133.760 {heap Before GC invocations=13 (full 0):
 garbage-first heap   total reserved 4124672K, committed 69632K, used 59451K [0x0000000704400000, 0x0000000800000000)
  region size 2048K, 17 young (34816K), 2 survivors (4096K)
}
Event: 133.768 {heap After GC invocations=14 (full 0):
 garbage-first heap   total reserved 4124672K, committed 69632K, used 27931K [0x0000000704400000, 0x0000000800000000)
  region size 2048K, 2 young (4096K), 2 survivors (4096K)
}
Event: 185.214 {heap Before GC invocations=14 (full 0):
 garbage-first heap   total reserved 4124672K, committed 69632K, used 58651K [0x0000000704400000, 0x0000000800000000)
  region size 2048K, 17 young (34816K), 2 survivors (4096K)
}
Event: 185.222 {heap After GC invocations=15 (full 0):
 garbage-first heap   total reserved 4124672K, committed 69632K, used 27993K [0x0000000704400000, 0x0000000800000000)
  region size 2048K, 2 young (4096K), 2 survivors (4096K)
}

